0 info it worked if it ends with ok
1 verbose cli [ '/usr/local/bin/node', '/usr/local/bin/npm', 'publish' ]
2 info using npm@1.3.5
3 info using node@v0.10.15
4 verbose publish [ '.' ]
5 verbose cache add [ '.', null ]
6 verbose cache add name=undefined spec="." args=[".",null]
7 verbose parsed url { protocol: null,
7 verbose parsed url   slashes: null,
7 verbose parsed url   auth: null,
7 verbose parsed url   host: null,
7 verbose parsed url   port: null,
7 verbose parsed url   hostname: null,
7 verbose parsed url   hash: null,
7 verbose parsed url   search: null,
7 verbose parsed url   query: null,
7 verbose parsed url   pathname: '.',
7 verbose parsed url   path: '.',
7 verbose parsed url   href: '.' }
8 silly lockFile 3a52ce78- .
9 verbose lock . /home/fsousa/.npm/3a52ce78-.lock
10 verbose tar pack [ '/home/fsousa/tmp/npm-11240-TttfPbK2/1382377225065-0.01514895772561431/tmp.tgz',
10 verbose tar pack   '.' ]
11 verbose tarball /home/fsousa/tmp/npm-11240-TttfPbK2/1382377225065-0.01514895772561431/tmp.tgz
12 verbose folder .
13 info prepublish crowdprocess@0.0.1
14 silly lockFile 1f1177db-tar tar://.
15 verbose lock tar://. /home/fsousa/.npm/1f1177db-tar.lock
16 silly lockFile c0d27d62-5065-0-01514895772561431-tmp-tgz tar:///home/fsousa/tmp/npm-11240-TttfPbK2/1382377225065-0.01514895772561431/tmp.tgz
17 verbose lock tar:///home/fsousa/tmp/npm-11240-TttfPbK2/1382377225065-0.01514895772561431/tmp.tgz /home/fsousa/.npm/c0d27d62-5065-0-01514895772561431-tmp-tgz.lock
18 silly lockFile 1f1177db-tar tar://.
19 silly lockFile 1f1177db-tar tar://.
20 silly lockFile c0d27d62-5065-0-01514895772561431-tmp-tgz tar:///home/fsousa/tmp/npm-11240-TttfPbK2/1382377225065-0.01514895772561431/tmp.tgz
21 silly lockFile c0d27d62-5065-0-01514895772561431-tmp-tgz tar:///home/fsousa/tmp/npm-11240-TttfPbK2/1382377225065-0.01514895772561431/tmp.tgz
22 verbose tar unpack /home/fsousa/tmp/npm-11240-TttfPbK2/1382377225065-0.01514895772561431/tmp.tgz
23 silly lockFile c5582336-5065-0-01514895772561431-package tar:///home/fsousa/tmp/npm-11240-TttfPbK2/1382377225065-0.01514895772561431/package
24 verbose lock tar:///home/fsousa/tmp/npm-11240-TttfPbK2/1382377225065-0.01514895772561431/package /home/fsousa/.npm/c5582336-5065-0-01514895772561431-package.lock
25 silly lockFile c0d27d62-5065-0-01514895772561431-tmp-tgz tar:///home/fsousa/tmp/npm-11240-TttfPbK2/1382377225065-0.01514895772561431/tmp.tgz
26 verbose lock tar:///home/fsousa/tmp/npm-11240-TttfPbK2/1382377225065-0.01514895772561431/tmp.tgz /home/fsousa/.npm/c0d27d62-5065-0-01514895772561431-tmp-tgz.lock
27 silly gunzTarPerm modes [ '755', '644' ]
28 silly gunzTarPerm extractEntry package.json
29 silly gunzTarPerm modified mode [ 'package.json', 436, 420 ]
30 silly gunzTarPerm extractEntry .npmignore
31 silly gunzTarPerm modified mode [ '.npmignore', 436, 420 ]
32 silly gunzTarPerm extractEntry index.js
33 silly gunzTarPerm modified mode [ 'index.js', 436, 420 ]
34 silly gunzTarPerm extractEntry example/echo.js
35 silly gunzTarPerm modified mode [ 'example/echo.js', 436, 420 ]
36 silly gunzTarPerm extractEntry example/src/Run.js
37 silly gunzTarPerm modified mode [ 'example/src/Run.js', 436, 420 ]
38 silly gunzTarPerm extractEntry tests/test.js
39 silly gunzTarPerm modified mode [ 'tests/test.js', 436, 420 ]
40 silly lockFile c5582336-5065-0-01514895772561431-package tar:///home/fsousa/tmp/npm-11240-TttfPbK2/1382377225065-0.01514895772561431/package
41 silly lockFile c5582336-5065-0-01514895772561431-package tar:///home/fsousa/tmp/npm-11240-TttfPbK2/1382377225065-0.01514895772561431/package
42 silly lockFile c0d27d62-5065-0-01514895772561431-tmp-tgz tar:///home/fsousa/tmp/npm-11240-TttfPbK2/1382377225065-0.01514895772561431/tmp.tgz
43 silly lockFile c0d27d62-5065-0-01514895772561431-tmp-tgz tar:///home/fsousa/tmp/npm-11240-TttfPbK2/1382377225065-0.01514895772561431/tmp.tgz
44 verbose tar pack [ '/home/fsousa/.npm/crowdprocess/0.0.1/package.tgz',
44 verbose tar pack   '/home/fsousa/tmp/npm-11240-TttfPbK2/1382377225065-0.01514895772561431/package' ]
45 verbose tarball /home/fsousa/.npm/crowdprocess/0.0.1/package.tgz
46 verbose folder /home/fsousa/tmp/npm-11240-TttfPbK2/1382377225065-0.01514895772561431/package
47 silly lockFile c5582336-5065-0-01514895772561431-package tar:///home/fsousa/tmp/npm-11240-TttfPbK2/1382377225065-0.01514895772561431/package
48 verbose lock tar:///home/fsousa/tmp/npm-11240-TttfPbK2/1382377225065-0.01514895772561431/package /home/fsousa/.npm/c5582336-5065-0-01514895772561431-package.lock
49 silly lockFile 39ab9145-m-crowdprocess-0-0-1-package-tgz tar:///home/fsousa/.npm/crowdprocess/0.0.1/package.tgz
50 verbose lock tar:///home/fsousa/.npm/crowdprocess/0.0.1/package.tgz /home/fsousa/.npm/39ab9145-m-crowdprocess-0-0-1-package-tgz.lock
51 silly lockFile c5582336-5065-0-01514895772561431-package tar:///home/fsousa/tmp/npm-11240-TttfPbK2/1382377225065-0.01514895772561431/package
52 silly lockFile c5582336-5065-0-01514895772561431-package tar:///home/fsousa/tmp/npm-11240-TttfPbK2/1382377225065-0.01514895772561431/package
53 silly lockFile 39ab9145-m-crowdprocess-0-0-1-package-tgz tar:///home/fsousa/.npm/crowdprocess/0.0.1/package.tgz
54 silly lockFile 39ab9145-m-crowdprocess-0-0-1-package-tgz tar:///home/fsousa/.npm/crowdprocess/0.0.1/package.tgz
55 silly lockFile 81985a93-a-npm-crowdprocess-0-0-1-package /home/fsousa/.npm/crowdprocess/0.0.1/package
56 verbose lock /home/fsousa/.npm/crowdprocess/0.0.1/package /home/fsousa/.npm/81985a93-a-npm-crowdprocess-0-0-1-package.lock
57 silly lockFile 81985a93-a-npm-crowdprocess-0-0-1-package /home/fsousa/.npm/crowdprocess/0.0.1/package
58 silly lockFile 81985a93-a-npm-crowdprocess-0-0-1-package /home/fsousa/.npm/crowdprocess/0.0.1/package
59 verbose tar unpack /home/fsousa/.npm/crowdprocess/0.0.1/package.tgz
60 silly lockFile b7e94056-a-npm-crowdprocess-0-0-1-package tar:///home/fsousa/.npm/crowdprocess/0.0.1/package
61 verbose lock tar:///home/fsousa/.npm/crowdprocess/0.0.1/package /home/fsousa/.npm/b7e94056-a-npm-crowdprocess-0-0-1-package.lock
62 silly lockFile 39ab9145-m-crowdprocess-0-0-1-package-tgz tar:///home/fsousa/.npm/crowdprocess/0.0.1/package.tgz
63 verbose lock tar:///home/fsousa/.npm/crowdprocess/0.0.1/package.tgz /home/fsousa/.npm/39ab9145-m-crowdprocess-0-0-1-package-tgz.lock
64 silly gunzTarPerm modes [ '755', '644' ]
65 silly gunzTarPerm extractEntry package.json
66 silly gunzTarPerm extractEntry .npmignore
67 silly gunzTarPerm extractEntry index.js
68 silly gunzTarPerm extractEntry example/echo.js
69 silly gunzTarPerm extractEntry example/src/Run.js
70 silly gunzTarPerm extractEntry tests/test.js
71 silly lockFile b7e94056-a-npm-crowdprocess-0-0-1-package tar:///home/fsousa/.npm/crowdprocess/0.0.1/package
72 silly lockFile b7e94056-a-npm-crowdprocess-0-0-1-package tar:///home/fsousa/.npm/crowdprocess/0.0.1/package
73 silly lockFile 39ab9145-m-crowdprocess-0-0-1-package-tgz tar:///home/fsousa/.npm/crowdprocess/0.0.1/package.tgz
74 silly lockFile 39ab9145-m-crowdprocess-0-0-1-package-tgz tar:///home/fsousa/.npm/crowdprocess/0.0.1/package.tgz
75 verbose chmod /home/fsousa/.npm/crowdprocess/0.0.1/package.tgz 644
76 verbose chown /home/fsousa/.npm/crowdprocess/0.0.1/package.tgz [ 1000, 1000 ]
77 silly lockFile 3a52ce78- .
78 silly lockFile 3a52ce78- .
79 silly publish { name: 'crowdprocess',
79 silly publish   version: '0.0.1',
79 silly publish   description: 'Write programs with crowdprocess programmatically in an easy way',
79 silly publish   main: 'index.js',
79 silly publish   directories: { example: 'example' },
79 silly publish   keywords: [ 'crowdprocess', 'browser', 'client' ],
79 silly publish   scripts: { test: 'tap tests/*.js' },
79 silly publish   author: { name: 'Flávio Sousa, Igor Soarez' },
79 silly publish   license: 'MIT',
79 silly publish   dependencies:
79 silly publish    { 'crp-task-client': '~0.2.2',
79 silly publish      'crp-task-producer-client': '~0.1.9',
79 silly publish      tap: '~0.4.4' },
79 silly publish   readme: 'ERROR: No README data found!',
79 silly publish   _id: 'crowdprocess@0.0.1',
79 silly publish   dist: { shasum: 'd8cd7cc7ddbec7b41ebbb7b6cf4c38f55a75469a' },
79 silly publish   _from: '.' }
80 verbose url raw crowdprocess
81 verbose url resolving [ 'https://registry.npmjs.org/', './crowdprocess' ]
82 verbose url resolved https://registry.npmjs.org/crowdprocess
83 info trying registry request attempt 1 at 18:40:25
84 http PUT https://registry.npmjs.org/crowdprocess
85 http 409 https://registry.npmjs.org/crowdprocess
86 verbose url raw crowdprocess
87 verbose url resolving [ 'https://registry.npmjs.org/', './crowdprocess' ]
88 verbose url resolved https://registry.npmjs.org/crowdprocess
89 info trying registry request attempt 1 at 18:40:26
90 http GET https://registry.npmjs.org/crowdprocess
91 http 200 https://registry.npmjs.org/crowdprocess
92 error publish fail Cannot publish over existing version.
92 error publish fail Update the 'version' field in package.json and try again.
92 error publish fail
92 error publish fail If the previous version was published in error, see:
92 error publish fail     npm help unpublish
92 error publish fail
92 error publish fail To automatically increment version numbers, see:
92 error publish fail     npm help version
93 error System Linux 3.5.0-37-generic
94 error command "/usr/local/bin/node" "/usr/local/bin/npm" "publish"
95 error cwd /home/fsousa/src/crp/cpSuperModule
96 error node -v v0.10.15
97 error npm -v 1.3.5
98 error code EPUBLISHCONFLICT
99 verbose exit [ 1, true ]
